lockdown-install.js:1 Removing unpermitted intrinsics
react-dom.development.js:29895 Download the React DevTools for a better development experience: https://reactjs.org/link/react-devtools
SolarSearchField.tsx:181 
        
        
       GET http://192.168.0.191:3000/api/solar-systems/search?lease_company=%E5%A4%A7%E9%98%AA%E3%82%AC%E3%82%B9%E3%83%95%E3%82%A1%E3%82%A4%E3%83%8A%E3%83%B3%E3%82%B9&lease_period=10%E5%B9%B4&module_model=SPR-MAX3-400&module_count=10&region=%E9%80%9A%E5%B8%B8 404 (Not Found)
dispatchXhrRequest @ xhr.js:195
xhr @ xhr.js:15
dispatchRequest @ dispatchRequest.js:51
_request @ Axios.js:173
request @ Axios.js:40
Axios.<computed> @ Axios.js:199
wrap @ bind.js:5
handleSearch @ SolarSearchField.tsx:181
callCallback @ react-dom.development.js:4164
invokeGuardedCallbackDev @ react-dom.development.js:4213
invokeGuardedCallback @ react-dom.development.js:4277
invokeGuardedCallbackAndCatchFirstError @ react-dom.development.js:4291
executeDispatch @ react-dom.development.js:9041
processDispatchQueueItemsInOrder @ react-dom.development.js:9073
processDispatchQueue @ react-dom.development.js:9086
dispatchEventsForPlugins @ react-dom.development.js:9097
(anonymous) @ react-dom.development.js:9288
batchedUpdates$1 @ react-dom.development.js:26179
batchedUpdates @ react-dom.development.js:3991
dispatchEventForPluginEventSystem @ react-dom.development.js:9287
dispatchEventWithEnableCapturePhaseSelectiveHydrationWithoutDiscreteEventReplay @ react-dom.development.js:6465
dispatchEvent @ react-dom.development.js:6457
dispatchDiscreteEvent @ react-dom.development.js:6430
Show 22 more frames
Show less
SolarSearchField.tsx:203 Search error: AxiosError {message: 'Request failed with status code 404', name: 'AxiosError', code: 'ERR_BAD_REQUEST', config: {…}, request: XMLHttpRequest, …}
handleSearch @ SolarSearchField.tsx:203
await in handleSearch
callCallback @ react-dom.development.js:4164
invokeGuardedCallbackDev @ react-dom.development.js:4213
invokeGuardedCallback @ react-dom.development.js:4277
invokeGuardedCallbackAndCatchFirstError @ react-dom.development.js:4291
executeDispatch @ react-dom.development.js:9041
processDispatchQueueItemsInOrder @ react-dom.development.js:9073
processDispatchQueue @ react-dom.development.js:9086
dispatchEventsForPlugins @ react-dom.development.js:9097
(anonymous) @ react-dom.development.js:9288
batchedUpdates$1 @ react-dom.development.js:26179
batchedUpdates @ react-dom.development.js:3991
dispatchEventForPluginEventSystem @ react-dom.development.js:9287
dispatchEventWithEnableCapturePhaseSelectiveHydrationWithoutDiscreteEventReplay @ react-dom.development.js:6465
dispatchEvent @ react-dom.development.js:6457
dispatchDiscreteEvent @ react-dom.development.js:6430
Show 15 more frames
Show less
