lockdown-install.js:1 Removing unpermitted intrinsics
react refresh:6 Download the React DevTools for a better development experience: https://reactjs.org/link/react-devtools
SolarSearchField.tsx:177 Sending application_power_output: 3.6
SolarSearchField.tsx:185 Search parameters: {region: '通常', application_power_output: '3.6'}
SolarSearchField.tsx:186 
        
        
       GET http://localhost:5001/api/solar-systems/search?region=%E9%80%9A%E5%B8%B8&application_power_output=3.6 500 (Internal Server Error)
dispatchXhrRequest @ xhr.js:195
xhr @ xhr.js:15
dispatchRequest @ dispatchRequest.js:51
_request @ Axios.js:173
request @ Axios.js:40
Axios.<computed> @ Axios.js:199
wrap @ bind.js:5
handleSearch @ SolarSearchField.tsx:186
callCallback @ react-dom.development.js:4164
invokeGuardedCallbackDev @ react-dom.development.js:4213
invokeGuardedCallback @ react-dom.development.js:4277
invokeGuardedCallbackAndCatchFirstError @ react-dom.development.js:4291
executeDispatch @ react-dom.development.js:9041
processDispatchQueueItemsInOrder @ react-dom.development.js:9073
processDispatchQueue @ react-dom.development.js:9086
dispatchEventsForPlugins @ react-dom.development.js:9097
（匿名） @ react-dom.development.js:9288
batchedUpdates$1 @ react-dom.development.js:26179
batchedUpdates @ react-dom.development.js:3991
dispatchEventForPluginEventSystem @ react-dom.development.js:9287
dispatchEventWithEnableCapturePhaseSelectiveHydrationWithoutDiscreteEventReplay @ react-dom.development.js:6465
dispatchEvent @ react-dom.development.js:6457
dispatchDiscreteEvent @ react-dom.development.js:6430
他 22 件のフレームを表示
一部表示
SolarSearchField.tsx:209 API Error Response: {status: 500, statusText: 'Internal Server Error', data: {…}, headers: AxiosHeaders}data: details: "PrismaClientValidationError: \nInvalid `prisma.solar_system.findMany()` invocation:\n\n{\n  where: {\n    region: {\n      contains: \"通常\",\n      mode: \"insensitive\"\n    },\n    application_power_output: {\n      equals: 3.6,\n      mode: \"insensitive\",\n      ~~~~\n?     in?: Decimal[] | ListDecimalFieldRefInput,\n?     notIn?: Decimal[] | ListDecimalFieldRefInput,\n?     lt?: Decimal | DecimalFieldRefInput,\n?     lte?: Decimal | DecimalFieldRefInput,\n?     gt?: Decimal | DecimalFieldRefInput,\n?     gte?: Decimal | DecimalFieldRefInput,\n?     not?: Decimal | NestedDecimalFilter\n    }\n  }\n}\n\nUnknown argument `mode`. Did you mean `lte`? Available options are marked with ?.\n    at Dn (/app/node_modules/@prisma/client/runtime/library.js:114:8082)\n    at Mn.handleRequestError (/app/node_modules/@prisma/client/runtime/library.js:121:7396)\n    at Mn.handleAndLogRequestError (/app/node_modules/@prisma/client/runtime/library.js:121:7061)\n    at Mn.request (/app/node_modules/@prisma/client/runtime/library.js:121:6745)\n    at async l (/app/node_modules/@prisma/client/runtime/library.js:130:9633)\n    at async /app/dist/index.js:153:25"error: "\nInvalid `prisma.solar_system.findMany()` invocation:\n\n{\n  where: {\n    region: {\n      contains: \"通常\",\n      mode: \"insensitive\"\n    },\n    application_power_output: {\n      equals: 3.6,\n      mode: \"insensitive\",\n      ~~~~\n?     in?: Decimal[] | ListDecimalFieldRefInput,\n?     notIn?: Decimal[] | ListDecimalFieldRefInput,\n?     lt?: Decimal | DecimalFieldRefInput,\n?     lte?: Decimal | DecimalFieldRefInput,\n?     gt?: Decimal | DecimalFieldRefInput,\n?     gte?: Decimal | DecimalFieldRefInput,\n?     not?: Decimal | NestedDecimalFilter\n    }\n  }\n}\n\nUnknown argument `mode`. Did you mean `lte`? Available options are marked with ?."[[Prototype]]: Objectheaders: AxiosHeaderscontent-length: "1863"content-type: "application/json; charset=utf-8"clear: (...)concat: (...)constructor: (...)delete: (...)get: (...)getAccept: (...)getAcceptEncoding: (...)getAuthorization: (...)getContentLength: (...)getContentType: (...)getUserAgent: (...)has: (...)hasAccept: (...)hasAcceptEncoding: (...)hasAuthorization: (...)hasContentLength: (...)hasContentType: (...)hasUserAgent: (...)normalize: (...)set: (...)setAccept: (...)setAcceptEncoding: (...)setAuthorization: (...)setContentLength: (...)setContentType: (...)setUserAgent: (...)toJSON: (...)toString: (...)Symbol(Symbol.toStringTag): (...)[[Prototype]]: Objectclear: (...)concat: (...)constructor: (...)delete: (...)get: (...)getAccept: (...)getAcceptEncoding: (...)getAuthorization: (...)getContentLength: (...)getContentType: (...)getUserAgent: (...)has: (...)hasAccept: (...)hasAcceptEncoding: (...)hasAuthorization: (...)hasContentLength: (...)hasContentType: (...)hasUserAgent: (...)normalize: (...)set: (...)setAccept: (...)setAcceptEncoding: (...)setAuthorization: (...)setContentLength: (...)setContentType: (...)setUserAgent: (...)toJSON: (...)toString: (...)Symbol(Symbol.iterator): ƒ [Symbol.iterator]()Symbol(Symbol.toStringTag): (...)get clear: () => valueset clear: ƒ set(headerValue)get concat: () => valueset concat: ƒ set(headerValue)get constructor: () => valueset constructor: ƒ set(headerValue)get delete: () => valueset delete: ƒ set(headerValue)get get: () => valueset get: ƒ set(headerValue)get getAccept: () => valueset getAccept: ƒ set(headerValue)get getAcceptEncoding: () => valueset getAcceptEncoding: ƒ set(headerValue)get getAuthorization: () => valueset getAuthorization: ƒ set(headerValue)get getContentLength: () => valueset getContentLength: ƒ set(headerValue)get getContentType: () => valueset getContentType: ƒ set(headerValue)get getUserAgent: () => valueset getUserAgent: ƒ set(headerValue)get has: () => valueset has: ƒ set(headerValue)get hasAccept: () => valueset hasAccept: ƒ set(headerValue)get hasAcceptEncoding: () => valueset hasAcceptEncoding: ƒ set(headerValue)get hasAuthorization: () => valueset hasAuthorization: ƒ set(headerValue)get hasContentLength: () => valueset hasContentLength: ƒ set(headerValue)get hasContentType: () => valueset hasContentType: ƒ set(headerValue)get hasUserAgent: () => valueset hasUserAgent: ƒ set(headerValue)get normalize: () => valueset normalize: ƒ set(headerValue)get set: () => valueset set: ƒ set(headerValue)get setAccept: () => valueset setAccept: ƒ set(headerValue)get setAcceptEncoding: () => valueset setAcceptEncoding: ƒ set(headerValue)get setAuthorization: () => valueset setAuthorization: ƒ set(headerValue)get setContentLength: () => valueset setContentLength: ƒ set(headerValue)get setContentType: () => valueset setContentType: ƒ set(headerValue)get setUserAgent: () => valueset setUserAgent: ƒ set(headerValue)get toJSON: () => valueset toJSON: ƒ set(headerValue)get toString: () => valueset toString: ƒ set(headerValue)get Symbol(Symbol.toStringTag): ƒ [Symbol.toStringTag]()[[Prototype]]: Objectstatus: 500statusText: "Internal Server Error"[[Prototype]]: Objectconstructor: ƒ Object()hasOwnProperty: ƒ hasOwnProperty()isPrototypeOf: ƒ isPrototypeOf()propertyIsEnumerable: ƒ propertyIsEnumerable()toLocaleString: ƒ toLocaleString()toString: ƒ toString()valueOf: ƒ valueOf()__defineGetter__: ƒ __defineGetter__()__defineSetter__: ƒ __defineSetter__()__lookupGetter__: ƒ __lookupGetter__()length: 1name: "__lookupGetter__"arguments: (...)caller: (...)[[Prototype]]: ƒ ()[[Scopes]]: Scopes[0]__lookupSetter__: ƒ __lookupSetter__()__proto__: (...)get __proto__: ƒ __proto__()set __proto__: ƒ __proto__()
handleSearch @ SolarSearchField.tsx:209
await in handleSearch
callCallback @ react-dom.development.js:4164
invokeGuardedCallbackDev @ react-dom.development.js:4213
invokeGuardedCallback @ react-dom.development.js:4277
invokeGuardedCallbackAndCatchFirstError @ react-dom.development.js:4291
executeDispatch @ react-dom.development.js:9041
processDispatchQueueItemsInOrder @ react-dom.development.js:9073
processDispatchQueue @ react-dom.development.js:9086
dispatchEventsForPlugins @ react-dom.development.js:9097
（匿名） @ react-dom.development.js:9288
batchedUpdates$1 @ react-dom.development.js:26179
batchedUpdates @ react-dom.development.js:3991
dispatchEventForPluginEventSystem @ react-dom.development.js:9287
dispatchEventWithEnableCapturePhaseSelectiveHydrationWithoutDiscreteEventReplay @ react-dom.development.js:6465
dispatchEvent @ react-dom.development.js:6457
dispatchDiscreteEvent @ react-dom.development.js:6430
他 15 件のフレームを表示
一部表示
