lockdown-install.js:1 Removing unpermitted intrinsics
react-dom.development.js:29895 Download the React DevTools for a better development experience: https://reactjs.org/link/react-devtools
SolarSearchField.tsx:157 Sending request to: http://localhost:5001/api/solar-systems/search
SolarSearchField.tsx:158 Search parameters: {leaseCompany: '大阪ガスファイナンス', leasePeriod: '10年', moduleModel: 'SPR-MAX3-400', moduleCount: '10', region: '通常'}
SolarSearchField.tsx:166 
        
        
       GET http://localhost:5001/api/solar-systems/search?leaseCompany=%E5%A4%A7%E9%98%AA%E3%82%AC%E3%82%B9%E3%83%95%E3%82%A1%E3%82%A4%E3%83%8A%E3%83%B3%E3%82%B9&leasePeriod=10%E5%B9%B4&moduleModel=SPR-MAX3-400&moduleCount=10&region=%E9%80%9A%E5%B8%B8 500 (Internal Server Error)
dispatchXhrRequest @ xhr.js:195
xhr @ xhr.js:15
dispatchRequest @ dispatchRequest.js:51
_request @ Axios.js:173
request @ Axios.js:40
Axios.<computed> @ Axios.js:199
wrap @ bind.js:5
handleSearch @ SolarSearchField.tsx:166
callCallback @ react-dom.development.js:4164
invokeGuardedCallbackDev @ react-dom.development.js:4213
invokeGuardedCallback @ react-dom.development.js:4277
invokeGuardedCallbackAndCatchFirstError @ react-dom.development.js:4291
executeDispatch @ react-dom.development.js:9041
processDispatchQueueItemsInOrder @ react-dom.development.js:9073
processDispatchQueue @ react-dom.development.js:9086
dispatchEventsForPlugins @ react-dom.development.js:9097
（匿名） @ react-dom.development.js:9288
batchedUpdates$1 @ react-dom.development.js:26179
batchedUpdates @ react-dom.development.js:3991
dispatchEventForPluginEventSystem @ react-dom.development.js:9287
dispatchEventWithEnableCapturePhaseSelectiveHydrationWithoutDiscreteEventReplay @ react-dom.development.js:6465
dispatchEvent @ react-dom.development.js:6457
dispatchDiscreteEvent @ react-dom.development.js:6430
他 22 件のフレームを表示
一部表示
SolarSearchField.tsx:197 API Error Response: {status: 500, statusText: 'Internal Server Error', data: {…}, headers: AxiosHeaders}
handleSearch @ SolarSearchField.tsx:197
await in handleSearch
callCallback @ react-dom.development.js:4164
invokeGuardedCallbackDev @ react-dom.development.js:4213
invokeGuardedCallback @ react-dom.development.js:4277
invokeGuardedCallbackAndCatchFirstError @ react-dom.development.js:4291
executeDispatch @ react-dom.development.js:9041
processDispatchQueueItemsInOrder @ react-dom.development.js:9073
processDispatchQueue @ react-dom.development.js:9086
dispatchEventsForPlugins @ react-dom.development.js:9097
（匿名） @ react-dom.development.js:9288
batchedUpdates$1 @ react-dom.development.js:26179
batchedUpdates @ react-dom.development.js:3991
dispatchEventForPluginEventSystem @ react-dom.development.js:9287
dispatchEventWithEnableCapturePhaseSelectiveHydrationWithoutDiscreteEventReplay @ react-dom.development.js:6465
dispatchEvent @ react-dom.development.js:6457
dispatchDiscreteEvent @ react-dom.development.js:6430
他 15 件のフレームを表示
一部表示
